# JRE version: Java(TM) SE Runtime Environment 18.9 (11.0.17+10) (build 11.0.17+10-LTS-269)
# Java VM: Java HotSpot(TM) 64-Bit Server VM 18.9 (11.0.17+10-LTS-269, mixed mode, tiered, compressed oops, g1 gc, windows-amd64)
Heap:
 garbage-first heap   total 262144K, used 25509K [0x00000000e0000000, 0x0000000100000000)
  region size 1024K, 17 young (17408K), 2 survivors (2048K)
 Metaspace       used 22093K, capacity 22989K, committed 23088K, reserved 1069056K
  class space    used 2601K, capacity 2924K, committed 2944K, reserved 1048576K
GC Heap History (6 events):
Event: 0.590 GC heap before
{Heap before GC invocations=0 (full 0):
 garbage-first heap   total 262144K, used 24576K [0x00000000e0000000, 0x0000000100000000)
  region size 1024K, 24 young (24576K), 0 survivors (0K)
 Metaspace       used 12788K, capacity 13049K, committed 13312K, reserved 1060864K
  class space    used 1356K, capacity 1425K, committed 1536K, reserved 1048576K
}
Event: 0.593 GC heap after
{Heap after GC invocations=1 (full 0):
 garbage-first heap   total 262144K, used 9699K [0x00000000e0000000, 0x0000000100000000)
  region size 1024K, 3 young (3072K), 3 survivors (3072K)
 Metaspace       used 12788K, capacity 13049K, committed 13312K, reserved 1060864K
  class space    used 1356K, capacity 1425K, committed 1536K, reserved 1048576K
}
Event: 0.754 GC heap before
{Heap before GC invocations=1 (full 0):
 garbage-first heap   total 262144K, used 24035K [0x00000000e0000000, 0x0000000100000000)
  region size 1024K, 17 young (17408K), 3 survivors (3072K)
 Metaspace       used 14963K, capacity 15490K, committed 15744K, reserved 1062912K
  class space    used 1679K, capacity 1874K, committed 1920K, reserved 1048576K
}
Event: 0.756 GC heap after
{Heap after GC invocations=2 (full 0):
 garbage-first heap   total 262144K, used 10026K [0x00000000e0000000, 0x0000000100000000)
  region size 1024K, 1 young (1024K), 1 survivors (1024K)
 Metaspace       used 14963K, capacity 15490K, committed 15744K, reserved 1062912K
  class space    used 1679K, capacity 1874K, committed 1920K, reserved 1048576K
}
Event: 1.122 GC heap before
{Heap before GC invocations=2 (full 0):
 garbage-first heap   total 262144K, used 46890K [0x00000000e0000000, 0x0000000100000000)
  region size 1024K, 38 young (38912K), 1 survivors (1024K)
 Metaspace       used 20420K, capacity 21148K, committed 21296K, reserved 1069056K
  class space    used 2338K, capacity 2600K, committed 2688K, reserved 1048576K
}
Event: 1.124 GC heap after
{Heap after GC invocations=3 (full 0):
 garbage-first heap   total 262144K, used 11173K [0x00000000e0000000, 0x0000000100000000)
  region size 1024K, 2 young (2048K), 2 survivors (2048K)
 Metaspace       used 20420K, capacity 21148K, committed 21296K, reserved 1069056K
  class space    used 2338K, capacity 2600K, committed 2688K, reserved 1048576K
}

