# JRE version: Java(TM) SE Runtime Environment 18.9 (11.0.17+10) (build 11.0.17+10-LTS-269)
# Java VM: Java HotSpot(TM) 64-Bit Server VM 18.9 (11.0.17+10-LTS-269, mixed mode, tiered, compressed oops, g1 gc, windows-amd64)
Heap:
 garbage-first heap   total 262144K, used 148911K [0x00000000e0000000, 0x0000000100000000)
  region size 1024K, 63 young (64512K), 9 survivors (9216K)
 Metaspace       used 92260K, capacity 95499K, committed 97408K, reserved 339968K
  class space    used 11381K, capacity 12668K, committed 12928K, reserved 253952K
GC Heap History (10 events):
Event: 3287.476 GC heap before
{Heap before GC invocations=52 (full 0):
 garbage-first heap   total 262144K, used 205130K [0x00000000e0000000, 0x0000000100000000)
  region size 1024K, 81 young (82944K), 9 survivors (9216K)
 Metaspace       used 93891K, capacity 97249K, committed 97408K, reserved 339968K
  class space    used 11600K, capacity 12880K, committed 12928K, reserved 253952K
}
Event: 3287.484 GC heap after
{Heap after GC invocations=53 (full 0):
 garbage-first heap   total 262144K, used 136909K [0x00000000e0000000, 0x0000000100000000)
  region size 1024K, 6 young (6144K), 6 survivors (6144K)
 Metaspace       used 93891K, capacity 97249K, committed 97408K, reserved 339968K
  class space    used 11600K, capacity 12880K, committed 12928K, reserved 253952K
}
Event: 3287.775 GC heap before
{Heap before GC invocations=54 (full 0):
 garbage-first heap   total 262144K, used 205517K [0x00000000e0000000, 0x0000000100000000)
  region size 1024K, 77 young (78848K), 6 survivors (6144K)
 Metaspace       used 93061K, capacity 96289K, committed 97408K, reserved 339968K
  class space    used 11470K, capacity 12731K, committed 12928K, reserved 253952K
}
Event: 3287.779 GC heap after
{Heap after GC invocations=55 (full 0):
 garbage-first heap   total 262144K, used 133420K [0x00000000e0000000, 0x0000000100000000)
  region size 1024K, 5 young (5120K), 5 survivors (5120K)
 Metaspace       used 93061K, capacity 96289K, committed 97408K, reserved 339968K
  class space    used 11470K, capacity 12731K, committed 12928K, reserved 253952K
}
Event: 3287.814 GC heap before
{Heap before GC invocations=55 (full 0):
 garbage-first heap   total 262144K, used 140588K [0x00000000e0000000, 0x0000000100000000)
  region size 1024K, 12 young (12288K), 5 survivors (5120K)
 Metaspace       used 93092K, capacity 96313K, committed 97408K, reserved 339968K
  class space    used 11474K, capacity 12739K, committed 12928K, reserved 253952K
}
Event: 3287.818 GC heap after
{Heap after GC invocations=56 (full 0):
 garbage-first heap   total 262144K, used 106457K [0x00000000e0000000, 0x0000000100000000)
  region size 1024K, 2 young (2048K), 2 survivors (2048K)
 Metaspace       used 93092K, capacity 96313K, committed 97408K, reserved 339968K
  class space    used 11474K, capacity 12739K, committed 12928K, reserved 253952K
}
Event: 3309.298 GC heap before
{Heap before GC invocations=56 (full 0):
 garbage-first heap   total 262144K, used 116697K [0x00000000e0000000, 0x0000000100000000)
  region size 1024K, 12 young (12288K), 2 survivors (2048K)
 Metaspace       used 93399K, capacity 96620K, committed 97408K, reserved 339968K
  class space    used 11521K, capacity 12774K, committed 12928K, reserved 253952K
}
Event: 3309.308 GC heap after
{Heap after GC invocations=57 (full 0):
 garbage-first heap   total 262144K, used 90695K [0x00000000e0000000, 0x0000000100000000)
  region size 1024K, 2 young (2048K), 2 survivors (2048K)
 Metaspace       used 93399K, capacity 96620K, committed 97408K, reserved 339968K
  class space    used 11521K, capacity 12774K, committed 12928K, reserved 253952K
}
Event: 3309.839 GC heap before
{Heap before GC invocations=57 (full 0):
 garbage-first heap   total 262144K, used 200263K [0x00000000e0000000, 0x0000000100000000)
  region size 1024K, 109 young (111616K), 2 survivors (2048K)
 Metaspace       used 93649K, capacity 96962K, committed 97408K, reserved 339968K
  class space    used 11537K, capacity 12821K, committed 12928K, reserved 253952K
}
Event: 3309.849 GC heap after
{Heap after GC invocations=58 (full 0):
 garbage-first heap   total 262144K, used 97711K [0x00000000e0000000, 0x0000000100000000)
  region size 1024K, 9 young (9216K), 9 survivors (9216K)
 Metaspace       used 93649K, capacity 96962K, committed 97408K, reserved 339968K
  class space    used 11537K, capacity 12821K, committed 12928K, reserved 253952K
}

